     1 00000000                                 ; hello-os
     2 00000000                                 ; TAB=4
     3 00000000                                 
     4                                          		ORG		0x7c00			;程序加载到内存的 0x7c00 这个位置
     5 00007C00                                 		
     6 00007C00                                 ; FAT12格式软盘专用
     7 00007C00                                 
     8 00007C00 EB 4E                           		JMP		entry
     9 00007C02 90                              		DB		0x90	;
    10 00007C03 48 45 4C 4C 4F 49 50 4C         		DB		"HELLOIPL"		;启动区名称（8字节）
    11 00007C0B 0200                            		DW		512				;每个扇区大小（必须为512字节）
    12 00007C0D 01                              		DB		1				;簇大小（必须为1个扇区）
    13 00007C0E 0001                            		DW		1				;FAT的起始位置（一般从第一个扇区开始）
    14 00007C10 02                              		DB		2				;FAT的个数（必须为2）
    15 00007C11 00E0                            		DW		224				;根目录大小（一般为224项）
    16 00007C13 0B40                            		DW		2880			;该磁盘的大小（必须为2880扇区）
    17 00007C15 F0                              		DB 		0xf0			;磁盘的种类（必须是0xf0）
    18 00007C16 0009                            		DW		9				;FAT的长度（必须是9扇区）
    19 00007C18 0012                            		DW		18				;1个磁道有几个扇区（必须为18）
    20 00007C1A 0002                            		DW		2				;磁头数（必须是2）
    21 00007C1C 00000000                        		DD		0				;不使用分区，必须是0
    22 00007C20 00000B40                        		DD		2880			;重写一次磁盘大小
    23 00007C24 00 00 29                        		DB		0,0,0x29		;意义不明，固定
    24 00007C27 FFFFFFFF                        		DD		0xffffffff		;卷标号码
    25 00007C2B 48 45 4C 4C 4F 2D 4F 53 20 20   		DB		"HELLO-OS   "	;磁盘的名称（11字节）
       00007C35 20 
    26 00007C36 46 41 54 31 32 20 20 20         		DB		"FAT12   "		;磁盘格式名称（8字节）
    27 00007C3E 00 00 00 00 00 00 00 00 00 00   		RESB 	18				;空出18个字节
       00007C48 00 00 00 00 00 00 00 00 
    28 00007C50                                 
    29 00007C50                                 ;程序主体
    30 00007C50                                 
    31 00007C50                                 entry:
    32 00007C50 B8 0000                         		MOV		AX,0			;初始化寄存器
    33 00007C53 8E D0                           		MOV		SS,AX
    34 00007C55 BC 7C00                         		MOV		SP,0x7c00
    35 00007C58 8E D8                           		MOV		DS,AX
    36 00007C5A 8E C0                           		MOV		ES,AX
    37 00007C5C BE 7C50                         		MOV		SI,entry
    38 00007C5F                                 putloop:
    39 00007C5F 8A 04                           		MOV		AL,[SI]
    40 00007C61 83 C6 01                        		ADD		SI,1
    41 00007C64 3C 00                           		CMP		AL,0
    42 00007C66 74 09                           		JE		fin
    43 00007C68 B4 0E                           		MOV		AH,0x0e			;指定文字
    44 00007C6A BB 000F                         		MOV		BX,15			;指定颜色
    45 00007C6D CD 10                           		INT		0x10			;调用 BIOS 显示字符函数
    46 00007C6F EB EE                           		JMP		putloop
    47 00007C71                                 fin:
    48 00007C71 F4                              		HLT
    49 00007C72 EB FD                           		JMP		fin
    50 00007C74                                 msg:
    51 00007C74 0A 0A                           		DB		0x0a,0x0a		;换行、换行
    52 00007C76 68 65 6C 6C 6F 2D 6F 73         		DB		"hello-os"
    53 00007C7E 0A                              		DB		0x0a			;换行
    54 00007C7F 00                              		DB		0
    55 00007C80                                 	
    56 00007C80 00 00 00 00 00 00 00 00 00 00   		RESB 0x7dfe-$			;填充0到512字节
       00007C8A 00 00 00 00 00 00 00 00 00 00 
       00007C94 00 00 00 00 00 00 00 00 00 00 
       00007C9E 00 00 00 00 00 00 00 00 00 00 
       00007CA8 00 00 00 00 00 00 00 00 00 00 
       00007CB2 00 00 00 00 00 00 00 00 00 00 
       00007CBC 00 00 00 00 00 00 00 00 00 00 
       00007CC6 00 00 00 00 00 00 00 00 00 00 
       00007CD0 00 00 00 00 00 00 00 00 00 00 
       00007CDA 00 00 00 00 00 00 00 00 00 00 
       00007CE4 00 00 00 00 00 00 00 00 00 00 
       00007CEE 00 00 00 00 00 00 00 00 00 00 
       00007CF8 00 00 00 00 00 00 00 00 00 00 
       00007D02 00 00 00 00 00 00 00 00 00 00 
       00007D0C 00 00 00 00 00 00 00 00 00 00 
       00007D16 00 00 00 00 00 00 00 00 00 00 
       00007D20 00 00 00 00 00 00 00 00 00 00 
       00007D2A 00 00 00 00 00 00 00 00 00 00 
       00007D34 00 00 00 00 00 00 00 00 00 00 
       00007D3E 00 00 00 00 00 00 00 00 00 00 
       00007D48 00 00 00 00 00 00 00 00 00 00 
       00007D52 00 00 00 00 00 00 00 00 00 00 
       00007D5C 00 00 00 00 00 00 00 00 00 00 
       00007D66 00 00 00 00 00 00 00 00 00 00 
       00007D70 00 00 00 00 00 00 00 00 00 00 
       00007D7A 00 00 00 00 00 00 00 00 00 00 
       00007D84 00 00 00 00 00 00 00 00 00 00 
       00007D8E 00 00 00 00 00 00 00 00 00 00 
       00007D98 00 00 00 00 00 00 00 00 00 00 
       00007DA2 00 00 00 00 00 00 00 00 00 00 
       00007DAC 00 00 00 00 00 00 00 00 00 00 
       00007DB6 00 00 00 00 00 00 00 00 00 00 
       00007DC0 00 00 00 00 00 00 00 00 00 00 
       00007DCA 00 00 00 00 00 00 00 00 00 00 
       00007DD4 00 00 00 00 00 00 00 00 00 00 
       00007DDE 00 00 00 00 00 00 00 00 00 00 
       00007DE8 00 00 00 00 00 00 00 00 00 00 
       00007DF2 00 00 00 00 00 00 00 00 00 00 
       00007DFC 00 00 
    57 00007DFE 55 AA                           		DB	0x55, 0xaa			